[debug] [2026-03-23T09:05:42.209Z] ----------------------------------------------------------------------
[debug] [2026-03-23T09:05:42.213Z] Command:       C:\Program Files\nodejs\node.exe C:\Users\tonyd\AppData\Roaming\npm\node_modules\firebase-tools\lib\bin\firebase.js deploy --only functions
[debug] [2026-03-23T09:05:42.213Z] CLI Version:   15.11.0
[debug] [2026-03-23T09:05:42.213Z] Platform:      win32
[debug] [2026-03-23T09:05:42.213Z] Node Version:  v24.13.0
[debug] [2026-03-23T09:05:42.213Z] Time:          Mon Mar 23 2026 06:05:42 GMT-0300 (Horário Padrão de Brasília)
[debug] [2026-03-23T09:05:42.214Z] ----------------------------------------------------------------------
[debug] 
[debug] [2026-03-23T09:05:42.217Z] >>> [apiv2][query] GET https://firebase-public.firebaseio.com/cli.json [none]
[debug] [2026-03-23T09:05:45.112Z] > command requires scopes: ["email","openid","https://www.googleapis.com/auth/cloudplatformprojects.readonly","https://www.googleapis.com/auth/firebase","https://www.googleapis.com/auth/cloud-platform"]
[debug] [2026-03-23T09:05:45.113Z] > authorizing via signed-in user (expresiveuk@gmail.com)
[debug] [2026-03-23T09:05:45.113Z] [iam] checking project controle-obras-c889d for permissions ["cloudfunctions.functions.create","cloudfunctions.functions.delete","cloudfunctions.functions.get","cloudfunctions.functions.list","cloudfunctions.functions.update","cloudfunctions.operations.get","firebase.projects.get"]
[debug] [2026-03-23T09:05:45.113Z] Checked if tokens are valid: false, expires at: 1774143972112
[debug] [2026-03-23T09:05:45.114Z] Checked if tokens are valid: false, expires at: 1774143972112
[debug] [2026-03-23T09:05:45.114Z] > refreshing access token with scopes: []
[debug] [2026-03-23T09:05:45.115Z] >>> [apiv2][query] POST https://www.googleapis.com/oauth2/v3/token [none]
[debug] [2026-03-23T09:05:45.115Z] >>> [apiv2][body] POST https://www.googleapis.com/oauth2/v3/token [omitted]
[debug] [2026-03-23T09:05:45.403Z] <<< [apiv2][status] POST https://www.googleapis.com/oauth2/v3/token 200
[debug] [2026-03-23T09:05:45.403Z] <<< [apiv2][body] POST https://www.googleapis.com/oauth2/v3/token [omitted]
[debug] [2026-03-23T09:05:45.464Z] >>> [apiv2][query] POST https://cloudresourcemanager.googleapis.com/v1/projects/controle-obras-c889d:testIamPermissions [none]
[debug] [2026-03-23T09:05:45.464Z] >>> [apiv2][(partial)header] POST https://cloudresourcemanager.googleapis.com/v1/projects/controle-obras-c889d:testIamPermissions  x-goog-user-project=controle-obras-c889d
[debug] [2026-03-23T09:05:45.465Z] >>> [apiv2][body] POST https://cloudresourcemanager.googleapis.com/v1/projects/controle-obras-c889d:testIamPermissions {"permissions":["cloudfunctions.functions.create","cloudfunctions.functions.delete","cloudfunctions.functions.get","cloudfunctions.functions.list","cloudfunctions.functions.update","cloudfunctions.operations.get","firebase.projects.get"]}
[debug] [2026-03-23T09:05:45.532Z] <<< [apiv2][status] GET https://firebase-public.firebaseio.com/cli.json 200
[debug] [2026-03-23T09:05:45.532Z] <<< [apiv2][body] GET https://firebase-public.firebaseio.com/cli.json {"cloudBuildErrorAfter":1594252800000,"cloudBuildWarnAfter":1590019200000,"defaultNode10After":1594252800000,"minVersion":"3.0.5","node8DeploysDisabledAfter":1613390400000,"node8RuntimeDisabledAfter":1615809600000,"node8WarnAfter":1600128000000}
[debug] [2026-03-23T09:05:46.403Z] <<< [apiv2][status] POST https://cloudresourcemanager.googleapis.com/v1/projects/controle-obras-c889d:testIamPermissions 200
[debug] [2026-03-23T09:05:46.403Z] <<< [apiv2][body] POST https://cloudresourcemanager.googleapis.com/v1/projects/controle-obras-c889d:testIamPermissions {"permissions":["cloudfunctions.functions.create","cloudfunctions.functions.delete","cloudfunctions.functions.get","cloudfunctions.functions.list","cloudfunctions.functions.update","cloudfunctions.operations.get","firebase.projects.get"]}
[debug] [2026-03-23T09:05:46.405Z] Checked if tokens are valid: true, expires at: 1774260344404
[debug] [2026-03-23T09:05:46.405Z] Checked if tokens are valid: true, expires at: 1774260344404
[debug] [2026-03-23T09:05:46.405Z] >>> [apiv2][query] POST https://iam.googleapis.com/v1/projects/controle-obras-c889d/serviceAccounts/controle-obras-c889d@appspot.gserviceaccount.com:testIamPermissions [none]
[debug] [2026-03-23T09:05:46.406Z] >>> [apiv2][body] POST https://iam.googleapis.com/v1/projects/controle-obras-c889d/serviceAccounts/controle-obras-c889d@appspot.gserviceaccount.com:testIamPermissions {"permissions":["iam.serviceAccounts.actAs"]}
[debug] [2026-03-23T09:05:47.469Z] <<< [apiv2][status] POST https://iam.googleapis.com/v1/projects/controle-obras-c889d/serviceAccounts/controle-obras-c889d@appspot.gserviceaccount.com:testIamPermissions 200
[debug] [2026-03-23T09:05:47.470Z] <<< [apiv2][body] POST https://iam.googleapis.com/v1/projects/controle-obras-c889d/serviceAccounts/controle-obras-c889d@appspot.gserviceaccount.com:testIamPermissions {"permissions":["iam.serviceAccounts.actAs"]}
[info] 
[info] === Deploying to 'controle-obras-c889d'...
[info] 
[info] i  deploying functions 
[debug] [2026-03-23T09:05:47.473Z] Checked if tokens are valid: true, expires at: 1774260344404
[debug] [2026-03-23T09:05:47.474Z] Checked if tokens are valid: true, expires at: 1774260344404
[debug] [2026-03-23T09:05:47.474Z] >>> [apiv2][query] GET https://cloudresourcemanager.googleapis.com/v1/projects/controle-obras-c889d [none]
[debug] [2026-03-23T09:05:47.707Z] <<< [apiv2][status] GET https://cloudresourcemanager.googleapis.com/v1/projects/controle-obras-c889d 200
[debug] [2026-03-23T09:05:47.707Z] <<< [apiv2][body] GET https://cloudresourcemanager.googleapis.com/v1/projects/controle-obras-c889d {"projectNumber":"570296468947","projectId":"controle-obras-c889d","lifecycleState":"ACTIVE","name":"controle-obras","labels":{"firebase":"enabled","firebase-core":"disabled"},"createTime":"2026-03-14T02:29:42.066528Z"}
[info] i  functions: preparing codebase default for deployment 
[info] i  functions: ensuring required API cloudfunctions.googleapis.com is enabled... 
[info] i  functions: ensuring required API cloudbuild.googleapis.com is enabled... 
[info] i  artifactregistry: ensuring required API artifactregistry.googleapis.com is enabled... 
[debug] [2026-03-23T09:05:47.710Z] Checked if tokens are valid: true, expires at: 1774260344404
[debug] [2026-03-23T09:05:47.710Z] Checked if tokens are valid: true, expires at: 1774260344404
[debug] [2026-03-23T09:05:47.710Z] >>> [apiv2][query] GET https://firebase.googleapis.com/v1beta1/projects/controle-obras-c889d/adminSdkConfig [none]
[debug] [2026-03-23T09:05:48.352Z] <<< [apiv2][status] GET https://firebase.googleapis.com/v1beta1/projects/controle-obras-c889d/adminSdkConfig 200
[debug] [2026-03-23T09:05:48.353Z] <<< [apiv2][body] GET https://firebase.googleapis.com/v1beta1/projects/controle-obras-c889d/adminSdkConfig {"projectId":"controle-obras-c889d","databaseURL":"https://controle-obras-c889d-default-rtdb.firebaseio.com","storageBucket":"controle-obras-c889d.firebasestorage.app"}
[debug] [2026-03-23T09:05:48.354Z] Checked if tokens are valid: true, expires at: 1774260344404
[debug] [2026-03-23T09:05:48.354Z] Checked if tokens are valid: true, expires at: 1774260344404
[debug] [2026-03-23T09:05:48.355Z] >>> [apiv2][query] GET https://runtimeconfig.googleapis.com/v1beta1/projects/controle-obras-c889d/configs [none]
[debug] [2026-03-23T09:05:48.934Z] <<< [apiv2][status] GET https://runtimeconfig.googleapis.com/v1beta1/projects/controle-obras-c889d/configs 200
[debug] [2026-03-23T09:05:48.934Z] <<< [apiv2][body] GET https://runtimeconfig.googleapis.com/v1beta1/projects/controle-obras-c889d/configs {}
[debug] [2026-03-23T09:05:48.939Z] Validating nodejs source
[warn] !  functions: Runtime Node.js 20 will be deprecated on 2026-04-30 and will be decommissioned on 2026-10-30, after which you will not be able to deploy without upgrading. Consider upgrading now to avoid disruption. See https://cloud.google.com/functions/docs/runtime-support for full details on the lifecycle policy 
[warn] !  functions: package.json indicates an outdated version of firebase-functions. Please upgrade using npm install --save firebase-functions@latest in your functions directory. 
[warn] !  functions: Please note that there will be breaking changes when you upgrade. 
[debug] [2026-03-23T09:05:50.305Z] > [functions] package.json contents: {
  "name": "obra-real-webhook",
  "version": "1.0.0",
  "description": "Cloud Functions para cobrança e automação de SaaS",
  "engines": {
    "node": "20"
  },
  "main": "index.js",
  "scripts": {
    "serve": "firebase emulators:start --only functions",
    "shell": "firebase functions:shell",
    "deploy": "firebase deploy --only functions",
    "logs": "firebase functions:log"
  },
  "dependencies": {
    "firebase-admin": "^11.8.0",
    "firebase-functions": "^4.3.1"
  },
  "private": true
}
[debug] [2026-03-23T09:05:50.305Z] Building nodejs source
[info] i  functions: Loading and analyzing source code for codebase default to determine what to deploy 
[info] i  functions: You are using a version of firebase-functions SDK (4.9.0) that does not have support for the newest Firebase Extensions features. Please update firebase-functions SDK to >=5.1.0 to use them correctly 
[debug] [2026-03-23T09:05:50.306Z] Could not find functions.yaml. Must use http discovery
[debug] [2026-03-23T09:05:50.323Z] Found firebase-functions binary at 'C:\Users\tonyd\Downloads\gestao de obras\gestaodeobras\functions\node_modules\.bin\firebase-functions'
[info] Serving at port 8936

[debug] [2026-03-23T09:05:50.973Z] Got response from /__/functions.yaml {"endpoints":{"webhookPagamento":{"platform":"gcfv1","availableMemoryMb":null,"timeoutSeconds":null,"minInstances":null,"maxInstances":null,"ingressSettings":null,"serviceAccountEmail":null,"vpc":null,"httpsTrigger":{},"entryPoint":"webhookPagamento"}},"specVersion":"v1alpha1","requiredAPIs":[]}
[info] i  functions: preparing functions directory for uploading... 
[info] i  functions: packaged C:\Users\tonyd\Downloads\gestao de obras\gestaodeobras\functions (39.08 KB) for uploading 
[debug] [2026-03-23T09:05:55.128Z] Checked if tokens are valid: true, expires at: 1774260344404
[debug] [2026-03-23T09:05:55.128Z] Checked if tokens are valid: true, expires at: 1774260344404
[debug] [2026-03-23T09:05:55.129Z] >>> [apiv2][query] GET https://cloudfunctions.googleapis.com/v1/projects/controle-obras-c889d/locations/-/functions [none]
[debug] [2026-03-23T09:05:56.385Z] <<< [apiv2][status] GET https://cloudfunctions.googleapis.com/v1/projects/controle-obras-c889d/locations/-/functions 200
[debug] [2026-03-23T09:05:56.385Z] <<< [apiv2][body] GET https://cloudfunctions.googleapis.com/v1/projects/controle-obras-c889d/locations/-/functions {"functions":[{"name":"projects/controle-obras-c889d/locations/us-central1/functions/webhookPagamento","httpsTrigger":{"url":"https://us-central1-controle-obras-c889d.cloudfunctions.net/webhookPagamento","securityLevel":"SECURE_ALWAYS"},"status":"ACTIVE","entryPoint":"webhookPagamento","timeout":"60s","availableMemoryMb":256,"serviceAccountEmail":"controle-obras-c889d@appspot.gserviceaccount.com","updateTime":"2026-03-22T00:48:57.450Z","versionId":"2","labels":{"deployment-tool":"cli-firebase","firebase-functions-hash":"af435855eb47cedaee29a44419a46a4ce9208c21"},"sourceUploadUrl":"https://storage.googleapis.com/uploads-136588857542.us-central1.cloudfunctions.appspot.com/5938f6b3-2e48-456b-bc5f-f58321e9acac.zip","environmentVariables":{"FIREBASE_CONFIG":"{\"projectId\":\"controle-obras-c889d\",\"databaseURL\":\"https://controle-obras-c889d-default-rtdb.firebaseio.com\",\"storageBucket\":\"controle-obras-c889d.firebasestorage.app\"}","GCLOUD_PROJECT":"controle-obras-c889d","EVENTARC_CLOUD_EVENT_SOURCE":"projects/controle-obras-c889d/locations/us-central1/functions/webhookPagamento"},"runtime":"nodejs20","ingressSettings":"ALLOW_ALL","buildId":"426aa863-6d0a-4829-85f3-0aa667764f9e","buildEnvironmentVariables":{"GOOGLE_NODE_RUN_SCRIPTS":""},"buildName":"projects/570296468947/locations/us-central1/builds/426aa863-6d0a-4829-85f3-0aa667764f9e","dockerRegistry":"ARTIFACT_REGISTRY","automaticUpdatePolicy":{},"buildServiceAccount":"projects/controle-obras-c889d/serviceAccounts/570296468947-compute@developer.gserviceaccount.com","satisfiesPzi":true}]}
[debug] [2026-03-23T09:05:56.386Z] Checked if tokens are valid: true, expires at: 1774260344404
[debug] [2026-03-23T09:05:56.386Z] Checked if tokens are valid: true, expires at: 1774260344404
[debug] [2026-03-23T09:05:56.387Z] >>> [apiv2][query] GET https://cloudfunctions.googleapis.com/v2/projects/controle-obras-c889d/locations/-/functions filter=environment%3D%22GEN_2%22
[debug] [2026-03-23T09:05:57.774Z] <<< [apiv2][status] GET https://cloudfunctions.googleapis.com/v2/projects/controle-obras-c889d/locations/-/functions 200
[debug] [2026-03-23T09:05:57.775Z] <<< [apiv2][body] GET https://cloudfunctions.googleapis.com/v2/projects/controle-obras-c889d/locations/-/functions {}
[debug] [2026-03-23T09:05:57.790Z] Checked if tokens are valid: true, expires at: 1774260344404
[debug] [2026-03-23T09:05:57.790Z] Checked if tokens are valid: true, expires at: 1774260344404
[debug] [2026-03-23T09:05:57.791Z] >>> [apiv2][query] GET https://cloudresourcemanager.googleapis.com/v1/projects/controle-obras-c889d [none]
[debug] [2026-03-23T09:05:58.732Z] <<< [apiv2][status] GET https://cloudresourcemanager.googleapis.com/v1/projects/controle-obras-c889d 200
[debug] [2026-03-23T09:05:58.732Z] <<< [apiv2][body] GET https://cloudresourcemanager.googleapis.com/v1/projects/controle-obras-c889d {"projectNumber":"570296468947","projectId":"controle-obras-c889d","lifecycleState":"ACTIVE","name":"controle-obras","labels":{"firebase":"enabled","firebase-core":"disabled"},"createTime":"2026-03-14T02:29:42.066528Z"}
[debug] [2026-03-23T09:05:58.737Z] Checked if tokens are valid: true, expires at: 1774260344404
[debug] [2026-03-23T09:05:58.738Z] Checked if tokens are valid: true, expires at: 1774260344404
[debug] [2026-03-23T09:05:58.739Z] >>> [apiv2][query] POST https://cloudfunctions.googleapis.com/v1/projects/controle-obras-c889d/locations/us-central1/functions:generateUploadUrl [none]
[debug] [2026-03-23T09:05:58.739Z] >>> [apiv2][body] POST https://cloudfunctions.googleapis.com/v1/projects/controle-obras-c889d/locations/us-central1/functions:generateUploadUrl {}
[debug] [2026-03-23T09:05:59.802Z] <<< [apiv2][status] POST https://cloudfunctions.googleapis.com/v1/projects/controle-obras-c889d/locations/us-central1/functions:generateUploadUrl 200
[debug] [2026-03-23T09:05:59.802Z] <<< [apiv2][body] POST https://cloudfunctions.googleapis.com/v1/projects/controle-obras-c889d/locations/us-central1/functions:generateUploadUrl {"uploadUrl":"https://storage.googleapis.com/uploads-136588857542.us-central1.cloudfunctions.appspot.com/7afbeb9a-4021-48c0-b3b9-fb75317eed3a.zip?GoogleAccessId=service-570296468947@gcf-admin-robot.iam.gserviceaccount.com&Expires=1774258636&Signature=jTAG%2FXPlraWfLj1nwHDUysiwsnZ4QIAQ09Knmzhj6iBrQUWtAy9X45id%2FljD3WEzYkFLvp7Ssh6VUNuvEWrKZEE3djsSsC%2BeeQoe2cykiaNkCYzr5VPCgWY0JsluHs4VrdVKs0QDzn6h%2BPw3mvuEsgV1BeIftDGXNljBgjCPyAl6MK0Yq1cjuaTsbtQCSwdMp0y549kcM%2BDTI60GO8%2Fqo0Ti6BFH0cphnnxMR6hdlaT8K63bQdUEA4KzNWc9w4Rralu9VFvah8Gcvsy2qf3pihQ6jvrcGsMNXLdxFdW55axzvYEV%2FvjTGGpE7nXdd0V7s4oNqUp9fVP2ncsUu0z6Eg%3D%3D"}
[debug] [2026-03-23T09:05:59.803Z] >>> [apiv2][query] PUT https://storage.googleapis.com/uploads-136588857542.us-central1.cloudfunctions.appspot.com/7afbeb9a-4021-48c0-b3b9-fb75317eed3a.zip GoogleAccessId=service-570296468947%40gcf-admin-robot.iam.gserviceaccount.com&Expires=1774258636&Signature=jTAG%2FXPlraWfLj1nwHDUysiwsnZ4QIAQ09Knmzhj6iBrQUWtAy9X45id%2FljD3WEzYkFLvp7Ssh6VUNuvEWrKZEE3djsSsC%2BeeQoe2cykiaNkCYzr5VPCgWY0JsluHs4VrdVKs0QDzn6h%2BPw3mvuEsgV1BeIftDGXNljBgjCPyAl6MK0Yq1cjuaTsbtQCSwdMp0y549kcM%2BDTI60GO8%2Fqo0Ti6BFH0cphnnxMR6hdlaT8K63bQdUEA4KzNWc9w4Rralu9VFvah8Gcvsy2qf3pihQ6jvrcGsMNXLdxFdW55axzvYEV%2FvjTGGpE7nXdd0V7s4oNqUp9fVP2ncsUu0z6Eg%3D%3D
[debug] [2026-03-23T09:05:59.804Z] >>> [apiv2][body] PUT https://storage.googleapis.com/uploads-136588857542.us-central1.cloudfunctions.appspot.com/7afbeb9a-4021-48c0-b3b9-fb75317eed3a.zip [stream]
[debug] [2026-03-23T09:06:00.447Z] <<< [apiv2][status] PUT https://storage.googleapis.com/uploads-136588857542.us-central1.cloudfunctions.appspot.com/7afbeb9a-4021-48c0-b3b9-fb75317eed3a.zip 200
[debug] [2026-03-23T09:06:00.448Z] <<< [apiv2][body] PUT https://storage.googleapis.com/uploads-136588857542.us-central1.cloudfunctions.appspot.com/7afbeb9a-4021-48c0-b3b9-fb75317eed3a.zip [omitted]
[info] +  functions: functions source uploaded successfully 
[info] i  functions: updating Node.js 20 (1st Gen) function webhookPagamento(us-central1)... 
[debug] [2026-03-23T09:06:00.465Z] Checked if tokens are valid: true, expires at: 1774260344404
[debug] [2026-03-23T09:06:00.465Z] Checked if tokens are valid: true, expires at: 1774260344404
[debug] [2026-03-23T09:06:00.465Z] >>> [apiv2][query] PATCH https://cloudfunctions.googleapis.com/v1/projects/controle-obras-c889d/locations/us-central1/functions/webhookPagamento updateMask=name%2CsourceUploadUrl%2CentryPoint%2Cruntime%2CdockerRegistry%2Clabels%2ChttpsTrigger.securityLevel%2CminInstances%2CmaxInstances%2CingressSettings%2CenvironmentVariables%2CserviceAccountEmail%2CavailableMemoryMb%2Ctimeout%2CvpcConnector%2CvpcConnectorEgressSettings%2CsourceToken%2CbuildEnvironmentVariables
[debug] [2026-03-23T09:06:00.465Z] >>> [apiv2][body] PATCH https://cloudfunctions.googleapis.com/v1/projects/controle-obras-c889d/locations/us-central1/functions/webhookPagamento {"name":"projects/controle-obras-c889d/locations/us-central1/functions/webhookPagamento","sourceUploadUrl":"https://storage.googleapis.com/uploads-136588857542.us-central1.cloudfunctions.appspot.com/7afbeb9a-4021-48c0-b3b9-fb75317eed3a.zip?GoogleAccessId=service-570296468947@gcf-admin-robot.iam.gserviceaccount.com&Expires=1774258636&Signature=jTAG%2FXPlraWfLj1nwHDUysiwsnZ4QIAQ09Knmzhj6iBrQUWtAy9X45id%2FljD3WEzYkFLvp7Ssh6VUNuvEWrKZEE3djsSsC%2BeeQoe2cykiaNkCYzr5VPCgWY0JsluHs4VrdVKs0QDzn6h%2BPw3mvuEsgV1BeIftDGXNljBgjCPyAl6MK0Yq1cjuaTsbtQCSwdMp0y549kcM%2BDTI60GO8%2Fqo0Ti6BFH0cphnnxMR6hdlaT8K63bQdUEA4KzNWc9w4Rralu9VFvah8Gcvsy2qf3pihQ6jvrcGsMNXLdxFdW55axzvYEV%2FvjTGGpE7nXdd0V7s4oNqUp9fVP2ncsUu0z6Eg%3D%3D","entryPoint":"webhookPagamento","runtime":"nodejs20","dockerRegistry":"ARTIFACT_REGISTRY","labels":{"deployment-tool":"cli-firebase","firebase-functions-hash":"f3d6e5a4ea05c6f66f68266483301a784edf2d23"},"httpsTrigger":{"securityLevel":"SECURE_ALWAYS"},"minInstances":null,"maxInstances":null,"ingressSettings":null,"environmentVariables":{"FIREBASE_CONFIG":"{\"projectId\":\"controle-obras-c889d\",\"databaseURL\":\"https://controle-obras-c889d-default-rtdb.firebaseio.com\",\"storageBucket\":\"controle-obras-c889d.firebasestorage.app\"}","GCLOUD_PROJECT":"controle-obras-c889d","EVENTARC_CLOUD_EVENT_SOURCE":"projects/controle-obras-c889d/locations/us-central1/functions/webhookPagamento"},"serviceAccountEmail":null,"availableMemoryMb":null,"timeout":null,"vpcConnector":null,"vpcConnectorEgressSettings":null,"buildEnvironmentVariables":{"GOOGLE_NODE_RUN_SCRIPTS":""}}
[debug] [2026-03-23T09:06:01.446Z] <<< [apiv2][status] PATCH https://cloudfunctions.googleapis.com/v1/projects/controle-obras-c889d/locations/us-central1/functions/webhookPagamento 200
[debug] [2026-03-23T09:06:01.447Z] <<< [apiv2][body] PATCH https://cloudfunctions.googleapis.com/v1/projects/controle-obras-c889d/locations/us-central1/functions/webhookPagamento {"name":"operations/Y29udHJvbGUtb2JyYXMtYzg4OWQvdXMtY2VudHJhbDEvd2ViaG9va1BhZ2FtZW50by9Gczl5amwwUV9jMA","metadata":{"@type":"type.googleapis.com/google.cloud.functions.v1.OperationMetadataV1","target":"projects/controle-obras-c889d/locations/us-central1/functions/webhookPagamento","type":"UPDATE_FUNCTION","request":{"@type":"type.googleapis.com/google.cloud.functions.v1.CloudFunction","name":"projects/controle-obras-c889d/locations/us-central1/functions/webhookPagamento","httpsTrigger":{"url":"https://us-central1-controle-obras-c889d.cloudfunctions.net/webhookPagamento","securityLevel":"SECURE_ALWAYS"},"status":"ACTIVE","entryPoint":"webhookPagamento","updateTime":"2026-03-22T00:48:57.450Z","versionId":"2","labels":{"deployment-tool":"cli-firebase","firebase-functions-hash":"f3d6e5a4ea05c6f66f68266483301a784edf2d23"},"sourceUploadUrl":"https://storage.googleapis.com/uploads-136588857542.us-central1.cloudfunctions.appspot.com/7afbeb9a-4021-48c0-b3b9-fb75317eed3a.zip?GoogleAccessId=service-570296468947@gcf-admin-robot.iam.gserviceaccount.com&Expires=1774258636&Signature=jTAG%2FXPlraWfLj1nwHDUysiwsnZ4QIAQ09Knmzhj6iBrQUWtAy9X45id%2FljD3WEzYkFLvp7Ssh6VUNuvEWrKZEE3djsSsC%2BeeQoe2cykiaNkCYzr5VPCgWY0JsluHs4VrdVKs0QDzn6h%2BPw3mvuEsgV1BeIftDGXNljBgjCPyAl6MK0Yq1cjuaTsbtQCSwdMp0y549kcM%2BDTI60GO8%2Fqo0Ti6BFH0cphnnxMR6hdlaT8K63bQdUEA4KzNWc9w4Rralu9VFvah8Gcvsy2qf3pihQ6jvrcGsMNXLdxFdW55axzvYEV%2FvjTGGpE7nXdd0V7s4oNqUp9fVP2ncsUu0z6Eg%3D%3D","environmentVariables":{"FIREBASE_CONFIG":"{\"projectId\":\"controle-obras-c889d\",\"databaseURL\":\"https://controle-obras-c889d-default-rtdb.firebaseio.com\",\"storageBucket\":\"controle-obras-c889d.firebasestorage.app\"}","GCLOUD_PROJECT":"controle-obras-c889d","EVENTARC_CLOUD_EVENT_SOURCE":"projects/controle-obras-c889d/locations/us-central1/functions/webhookPagamento"},"runtime":"nodejs20","buildId":"426aa863-6d0a-4829-85f3-0aa667764f9e","buildEnvironmentVariables":{"GOOGLE_NODE_RUN_SCRIPTS":""},"buildName":"projects/570296468947/locations/us-central1/builds/426aa863-6d0a-4829-85f3-0aa667764f9e","dockerRegistry":"ARTIFACT_REGISTRY","automaticUpdatePolicy":{},"buildServiceAccount":"projects/controle-obras-c889d/serviceAccounts/570296468947-compute@developer.gserviceaccount.com"},"versionId":"3","updateTime":"2026-03-23T09:07:17Z"}}
[debug] [2026-03-23T09:06:01.449Z] Checked if tokens are valid: true, expires at: 1774260344404
[debug] [2026-03-23T09:06:01.449Z] Checked if tokens are valid: true, expires at: 1774260344404
[debug] [2026-03-23T09:06:01.450Z] >>> [apiv2][query] GET https://cloudfunctions.googleapis.com/v1/operations/Y29udHJvbGUtb2JyYXMtYzg4OWQvdXMtY2VudHJhbDEvd2ViaG9va1BhZ2FtZW50by9Gczl5amwwUV9jMA [none]
[debug] [2026-03-23T09:06:02.092Z] <<< [apiv2][status] GET https://cloudfunctions.googleapis.com/v1/operations/Y29udHJvbGUtb2JyYXMtYzg4OWQvdXMtY2VudHJhbDEvd2ViaG9va1BhZ2FtZW50by9Gczl5amwwUV9jMA 200
[debug] [2026-03-23T09:06:02.092Z] <<< [apiv2][body] GET https://cloudfunctions.googleapis.com/v1/operations/Y29udHJvbGUtb2JyYXMtYzg4OWQvdXMtY2VudHJhbDEvd2ViaG9va1BhZ2FtZW50by9Gczl5amwwUV9jMA {"name":"operations/Y29udHJvbGUtb2JyYXMtYzg4OWQvdXMtY2VudHJhbDEvd2ViaG9va1BhZ2FtZW50by9Gczl5amwwUV9jMA","metadata":{"@type":"type.googleapis.com/google.cloud.functions.v1.OperationMetadataV1","target":"projects/controle-obras-c889d/locations/us-central1/functions/webhookPagamento","type":"UPDATE_FUNCTION","request":{"@type":"type.googleapis.com/google.cloud.functions.v1.CloudFunction","name":"projects/controle-obras-c889d/locations/us-central1/functions/webhookPagamento","httpsTrigger":{"url":"https://us-central1-controle-obras-c889d.cloudfunctions.net/webhookPagamento","securityLevel":"SECURE_ALWAYS"},"status":"ACTIVE","entryPoint":"webhookPagamento","updateTime":"2026-03-22T00:48:57.450Z","versionId":"2","labels":{"deployment-tool":"cli-firebase","firebase-functions-hash":"f3d6e5a4ea05c6f66f68266483301a784edf2d23"},"sourceUploadUrl":"https://storage.googleapis.com/uploads-136588857542.us-central1.cloudfunctions.appspot.com/7afbeb9a-4021-48c0-b3b9-fb75317eed3a.zip?GoogleAccessId=service-570296468947@gcf-admin-robot.iam.gserviceaccount.com&Expires=1774258636&Signature=jTAG%2FXPlraWfLj1nwHDUysiwsnZ4QIAQ09Knmzhj6iBrQUWtAy9X45id%2FljD3WEzYkFLvp7Ssh6VUNuvEWrKZEE3djsSsC%2BeeQoe2cykiaNkCYzr5VPCgWY0JsluHs4VrdVKs0QDzn6h%2BPw3mvuEsgV1BeIftDGXNljBgjCPyAl6MK0Yq1cjuaTsbtQCSwdMp0y549kcM%2BDTI60GO8%2Fqo0Ti6BFH0cphnnxMR6hdlaT8K63bQdUEA4KzNWc9w4Rralu9VFvah8Gcvsy2qf3pihQ6jvrcGsMNXLdxFdW55axzvYEV%2FvjTGGpE7nXdd0V7s4oNqUp9fVP2ncsUu0z6Eg%3D%3D","environmentVariables":{"FIREBASE_CONFIG":"{\"projectId\":\"controle-obras-c889d\",\"databaseURL\":\"https://controle-obras-c889d-default-rtdb.firebaseio.com\",\"storageBucket\":\"controle-obras-c889d.firebasestorage.app\"}","GCLOUD_PROJECT":"controle-obras-c889d","EVENTARC_CLOUD_EVENT_SOURCE":"projects/controle-obras-c889d/locations/us-central1/functions/webhookPagamento"},"runtime":"nodejs20","buildId":"426aa863-6d0a-4829-85f3-0aa667764f9e","buildEnvironmentVariables":{"GOOGLE_NODE_RUN_SCRIPTS":""},"buildName":"projects/570296468947/locations/us-central1/builds/426aa863-6d0a-4829-85f3-0aa667764f9e","dockerRegistry":"ARTIFACT_REGISTRY","automaticUpdatePolicy":{},"buildServiceAccount":"projects/controle-obras-c889d/serviceAccounts/570296468947-compute@developer.gserviceaccount.com"},"versionId":"3","updateTime":"2026-03-23T09:07:17Z"}}
[debug] [2026-03-23T09:06:02.596Z] [update-default-us-central1-webhookPagamento] Retrying task index 0
[debug] [2026-03-23T09:06:02.597Z] Checked if tokens are valid: true, expires at: 1774260344404
[debug] [2026-03-23T09:06:02.597Z] Checked if tokens are valid: true, expires at: 1774260344404
[debug] [2026-03-23T09:06:02.597Z] >>> [apiv2][query] GET https://cloudfunctions.googleapis.com/v1/operations/Y29udHJvbGUtb2JyYXMtYzg4OWQvdXMtY2VudHJhbDEvd2ViaG9va1BhZ2FtZW50by9Gczl5amwwUV9jMA [none]
[debug] [2026-03-23T09:06:03.254Z] <<< [apiv2][status] GET https://cloudfunctions.googleapis.com/v1/operations/Y29udHJvbGUtb2JyYXMtYzg4OWQvdXMtY2VudHJhbDEvd2ViaG9va1BhZ2FtZW50by9Gczl5amwwUV9jMA 200
[debug] [2026-03-23T09:06:03.255Z] <<< [apiv2][body] GET https://cloudfunctions.googleapis.com/v1/operations/Y29udHJvbGUtb2JyYXMtYzg4OWQvdXMtY2VudHJhbDEvd2ViaG9va1BhZ2FtZW50by9Gczl5amwwUV9jMA {"name":"operations/Y29udHJvbGUtb2JyYXMtYzg4OWQvdXMtY2VudHJhbDEvd2ViaG9va1BhZ2FtZW50by9Gczl5amwwUV9jMA","metadata":{"@type":"type.googleapis.com/google.cloud.functions.v1.OperationMetadataV1","target":"projects/controle-obras-c889d/locations/us-central1/functions/webhookPagamento","type":"UPDATE_FUNCTION","request":{"@type":"type.googleapis.com/google.cloud.functions.v1.CloudFunction","name":"projects/controle-obras-c889d/locations/us-central1/functions/webhookPagamento","httpsTrigger":{"url":"https://us-central1-controle-obras-c889d.cloudfunctions.net/webhookPagamento","securityLevel":"SECURE_ALWAYS"},"status":"ACTIVE","entryPoint":"webhookPagamento","updateTime":"2026-03-22T00:48:57.450Z","versionId":"2","labels":{"deployment-tool":"cli-firebase","firebase-functions-hash":"f3d6e5a4ea05c6f66f68266483301a784edf2d23"},"sourceUploadUrl":"https://storage.googleapis.com/uploads-136588857542.us-central1.cloudfunctions.appspot.com/7afbeb9a-4021-48c0-b3b9-fb75317eed3a.zip?GoogleAccessId=service-570296468947@gcf-admin-robot.iam.gserviceaccount.com&Expires=1774258636&Signature=jTAG%2FXPlraWfLj1nwHDUysiwsnZ4QIAQ09Knmzhj6iBrQUWtAy9X45id%2FljD3WEzYkFLvp7Ssh6VUNuvEWrKZEE3djsSsC%2BeeQoe2cykiaNkCYzr5VPCgWY0JsluHs4VrdVKs0QDzn6h%2BPw3mvuEsgV1BeIftDGXNljBgjCPyAl6MK0Yq1cjuaTsbtQCSwdMp0y549kcM%2BDTI60GO8%2Fqo0Ti6BFH0cphnnxMR6hdlaT8K63bQdUEA4KzNWc9w4Rralu9VFvah8Gcvsy2qf3pihQ6jvrcGsMNXLdxFdW55axzvYEV%2FvjTGGpE7nXdd0V7s4oNqUp9fVP2ncsUu0z6Eg%3D%3D","environmentVariables":{"FIREBASE_CONFIG":"{\"projectId\":\"controle-obras-c889d\",\"databaseURL\":\"https://controle-obras-c889d-default-rtdb.firebaseio.com\",\"storageBucket\":\"controle-obras-c889d.firebasestorage.app\"}","GCLOUD_PROJECT":"controle-obras-c889d","EVENTARC_CLOUD_EVENT_SOURCE":"projects/controle-obras-c889d/locations/us-central1/functions/webhookPagamento"},"runtime":"nodejs20","buildId":"426aa863-6d0a-4829-85f3-0aa667764f9e","buildEnvironmentVariables":{"GOOGLE_NODE_RUN_SCRIPTS":""},"buildName":"projects/570296468947/locations/us-central1/builds/426aa863-6d0a-4829-85f3-0aa667764f9e","dockerRegistry":"ARTIFACT_REGISTRY","automaticUpdatePolicy":{},"buildServiceAccount":"projects/controle-obras-c889d/serviceAccounts/570296468947-compute@developer.gserviceaccount.com"},"versionId":"3","updateTime":"2026-03-23T09:07:17Z","buildId":"b7684bbc-2dba-4b16-9886-1ad8cd2eb44d","buildName":"projects/570296468947/locations/us-central1/builds/b7684bbc-2dba-4b16-9886-1ad8cd2eb44d"}}
[debug] [2026-03-23T09:06:04.261Z] [update-default-us-central1-webhookPagamento] Retrying task index 0
[debug] [2026-03-23T09:06:04.262Z] Checked if tokens are valid: true, expires at: 1774260344404
[debug] [2026-03-23T09:06:04.262Z] Checked if tokens are valid: true, expires at: 1774260344404
[debug] [2026-03-23T09:06:04.262Z] >>> [apiv2][query] GET https://cloudfunctions.googleapis.com/v1/operations/Y29udHJvbGUtb2JyYXMtYzg4OWQvdXMtY2VudHJhbDEvd2ViaG9va1BhZ2FtZW50by9Gczl5amwwUV9jMA [none]
[debug] [2026-03-23T09:06:04.863Z] <<< [apiv2][status] GET https://cloudfunctions.googleapis.com/v1/operations/Y29udHJvbGUtb2JyYXMtYzg4OWQvdXMtY2VudHJhbDEvd2ViaG9va1BhZ2FtZW50by9Gczl5amwwUV9jMA 200
[debug] [2026-03-23T09:06:04.863Z] <<< [apiv2][body] GET https://cloudfunctions.googleapis.com/v1/operations/Y29udHJvbGUtb2JyYXMtYzg4OWQvdXMtY2VudHJhbDEvd2ViaG9va1BhZ2FtZW50by9Gczl5amwwUV9jMA {"name":"operations/Y29udHJvbGUtb2JyYXMtYzg4OWQvdXMtY2VudHJhbDEvd2ViaG9va1BhZ2FtZW50by9Gczl5amwwUV9jMA","metadata":{"@type":"type.googleapis.com/google.cloud.functions.v1.OperationMetadataV1","target":"projects/controle-obras-c889d/locations/us-central1/functions/webhookPagamento","type":"UPDATE_FUNCTION","request":{"@type":"type.googleapis.com/google.cloud.functions.v1.CloudFunction","name":"projects/controle-obras-c889d/locations/us-central1/functions/webhookPagamento","httpsTrigger":{"url":"https://us-central1-controle-obras-c889d.cloudfunctions.net/webhookPagamento","securityLevel":"SECURE_ALWAYS"},"status":"ACTIVE","entryPoint":"webhookPagamento","updateTime":"2026-03-22T00:48:57.450Z","versionId":"2","labels":{"deployment-tool":"cli-firebase","firebase-functions-hash":"f3d6e5a4ea05c6f66f68266483301a784edf2d23"},"sourceUploadUrl":"https://storage.googleapis.com/uploads-136588857542.us-central1.cloudfunctions.appspot.com/7afbeb9a-4021-48c0-b3b9-fb75317eed3a.zip?GoogleAccessId=service-570296468947@gcf-admin-robot.iam.gserviceaccount.com&Expires=1774258636&Signature=jTAG%2FXPlraWfLj1nwHDUysiwsnZ4QIAQ09Knmzhj6iBrQUWtAy9X45id%2FljD3WEzYkFLvp7Ssh6VUNuvEWrKZEE3djsSsC%2BeeQoe2cykiaNkCYzr5VPCgWY0JsluHs4VrdVKs0QDzn6h%2BPw3mvuEsgV1BeIftDGXNljBgjCPyAl6MK0Yq1cjuaTsbtQCSwdMp0y549kcM%2BDTI60GO8%2Fqo0Ti6BFH0cphnnxMR6hdlaT8K63bQdUEA4KzNWc9w4Rralu9VFvah8Gcvsy2qf3pihQ6jvrcGsMNXLdxFdW55axzvYEV%2FvjTGGpE7nXdd0V7s4oNqUp9fVP2ncsUu0z6Eg%3D%3D","environmentVariables":{"FIREBASE_CONFIG":"{\"projectId\":\"controle-obras-c889d\",\"databaseURL\":\"https://controle-obras-c889d-default-rtdb.firebaseio.com\",\"storageBucket\":\"controle-obras-c889d.firebasestorage.app\"}","GCLOUD_PROJECT":"controle-obras-c889d","EVENTARC_CLOUD_EVENT_SOURCE":"projects/controle-obras-c889d/locations/us-central1/functions/webhookPagamento"},"runtime":"nodejs20","buildId":"426aa863-6d0a-4829-85f3-0aa667764f9e","buildEnvironmentVariables":{"GOOGLE_NODE_RUN_SCRIPTS":""},"buildName":"projects/570296468947/locations/us-central1/builds/426aa863-6d0a-4829-85f3-0aa667764f9e","dockerRegistry":"ARTIFACT_REGISTRY","automaticUpdatePolicy":{},"buildServiceAccount":"projects/controle-obras-c889d/serviceAccounts/570296468947-compute@developer.gserviceaccount.com"},"versionId":"3","updateTime":"2026-03-23T09:07:17Z","buildId":"b7684bbc-2dba-4b16-9886-1ad8cd2eb44d","buildName":"projects/570296468947/locations/us-central1/builds/b7684bbc-2dba-4b16-9886-1ad8cd2eb44d"}}
[debug] [2026-03-23T09:06:06.865Z] [update-default-us-central1-webhookPagamento] Retrying task index 0
[debug] [2026-03-23T09:06:06.866Z] Checked if tokens are valid: true, expires at: 1774260344404
[debug] [2026-03-23T09:06:06.866Z] Checked if tokens are valid: true, expires at: 1774260344404
[debug] [2026-03-23T09:06:06.866Z] >>> [apiv2][query] GET https://cloudfunctions.googleapis.com/v1/operations/Y29udHJvbGUtb2JyYXMtYzg4OWQvdXMtY2VudHJhbDEvd2ViaG9va1BhZ2FtZW50by9Gczl5amwwUV9jMA [none]
[debug] [2026-03-23T09:06:07.414Z] <<< [apiv2][status] GET https://cloudfunctions.googleapis.com/v1/operations/Y29udHJvbGUtb2JyYXMtYzg4OWQvdXMtY2VudHJhbDEvd2ViaG9va1BhZ2FtZW50by9Gczl5amwwUV9jMA 200
[debug] [2026-03-23T09:06:07.415Z] <<< [apiv2][body] GET https://cloudfunctions.googleapis.com/v1/operations/Y29udHJvbGUtb2JyYXMtYzg4OWQvdXMtY2VudHJhbDEvd2ViaG9va1BhZ2FtZW50by9Gczl5amwwUV9jMA {"name":"operations/Y29udHJvbGUtb2JyYXMtYzg4OWQvdXMtY2VudHJhbDEvd2ViaG9va1BhZ2FtZW50by9Gczl5amwwUV9jMA","metadata":{"@type":"type.googleapis.com/google.cloud.functions.v1.OperationMetadataV1","target":"projects/controle-obras-c889d/locations/us-central1/functions/webhookPagamento","type":"UPDATE_FUNCTION","request":{"@type":"type.googleapis.com/google.cloud.functions.v1.CloudFunction","name":"projects/controle-obras-c889d/locations/us-central1/functions/webhookPagamento","httpsTrigger":{"url":"https://us-central1-controle-obras-c889d.cloudfunctions.net/webhookPagamento","securityLevel":"SECURE_ALWAYS"},"status":"ACTIVE","entryPoint":"webhookPagamento","updateTime":"2026-03-22T00:48:57.450Z","versionId":"2","labels":{"deployment-tool":"cli-firebase","firebase-functions-hash":"f3d6e5a4ea05c6f66f68266483301a784edf2d23"},"sourceUploadUrl":"https://storage.googleapis.com/uploads-136588857542.us-central1.cloudfunctions.appspot.com/7afbeb9a-4021-48c0-b3b9-fb75317eed3a.zip?GoogleAccessId=service-570296468947@gcf-admin-robot.iam.gserviceaccount.com&Expires=1774258636&Signature=jTAG%2FXPlraWfLj1nwHDUysiwsnZ4QIAQ09Knmzhj6iBrQUWtAy9X45id%2FljD3WEzYkFLvp7Ssh6VUNuvEWrKZEE3djsSsC%2BeeQoe2cykiaNkCYzr5VPCgWY0JsluHs4VrdVKs0QDzn6h%2BPw3mvuEsgV1BeIftDGXNljBgjCPyAl6MK0Yq1cjuaTsbtQCSwdMp0y549kcM%2BDTI60GO8%2Fqo0Ti6BFH0cphnnxMR6hdlaT8K63bQdUEA4KzNWc9w4Rralu9VFvah8Gcvsy2qf3pihQ6jvrcGsMNXLdxFdW55axzvYEV%2FvjTGGpE7nXdd0V7s4oNqUp9fVP2ncsUu0z6Eg%3D%3D","environmentVariables":{"FIREBASE_CONFIG":"{\"projectId\":\"controle-obras-c889d\",\"databaseURL\":\"https://controle-obras-c889d-default-rtdb.firebaseio.com\",\"storageBucket\":\"controle-obras-c889d.firebasestorage.app\"}","GCLOUD_PROJECT":"controle-obras-c889d","EVENTARC_CLOUD_EVENT_SOURCE":"projects/controle-obras-c889d/locations/us-central1/functions/webhookPagamento"},"runtime":"nodejs20","buildId":"426aa863-6d0a-4829-85f3-0aa667764f9e","buildEnvironmentVariables":{"GOOGLE_NODE_RUN_SCRIPTS":""},"buildName":"projects/570296468947/locations/us-central1/builds/426aa863-6d0a-4829-85f3-0aa667764f9e","dockerRegistry":"ARTIFACT_REGISTRY","automaticUpdatePolicy":{},"buildServiceAccount":"projects/controle-obras-c889d/serviceAccounts/570296468947-compute@developer.gserviceaccount.com"},"versionId":"3","updateTime":"2026-03-23T09:07:17Z","buildId":"b7684bbc-2dba-4b16-9886-1ad8cd2eb44d","buildName":"projects/570296468947/locations/us-central1/builds/b7684bbc-2dba-4b16-9886-1ad8cd2eb44d"}}
[debug] [2026-03-23T09:06:11.426Z] [update-default-us-central1-webhookPagamento] Retrying task index 0
[debug] [2026-03-23T09:06:11.426Z] Checked if tokens are valid: true, expires at: 1774260344404
[debug] [2026-03-23T09:06:11.427Z] Checked if tokens are valid: true, expires at: 1774260344404
[debug] [2026-03-23T09:06:11.427Z] >>> [apiv2][query] GET https://cloudfunctions.googleapis.com/v1/operations/Y29udHJvbGUtb2JyYXMtYzg4OWQvdXMtY2VudHJhbDEvd2ViaG9va1BhZ2FtZW50by9Gczl5amwwUV9jMA [none]
[debug] [2026-03-23T09:06:12.080Z] <<< [apiv2][status] GET https://cloudfunctions.googleapis.com/v1/operations/Y29udHJvbGUtb2JyYXMtYzg4OWQvdXMtY2VudHJhbDEvd2ViaG9va1BhZ2FtZW50by9Gczl5amwwUV9jMA 200
[debug] [2026-03-23T09:06:12.081Z] <<< [apiv2][body] GET https://cloudfunctions.googleapis.com/v1/operations/Y29udHJvbGUtb2JyYXMtYzg4OWQvdXMtY2VudHJhbDEvd2ViaG9va1BhZ2FtZW50by9Gczl5amwwUV9jMA {"name":"operations/Y29udHJvbGUtb2JyYXMtYzg4OWQvdXMtY2VudHJhbDEvd2ViaG9va1BhZ2FtZW50by9Gczl5amwwUV9jMA","metadata":{"@type":"type.googleapis.com/google.cloud.functions.v1.OperationMetadataV1","target":"projects/controle-obras-c889d/locations/us-central1/functions/webhookPagamento","type":"UPDATE_FUNCTION","request":{"@type":"type.googleapis.com/google.cloud.functions.v1.CloudFunction","name":"projects/controle-obras-c889d/locations/us-central1/functions/webhookPagamento","httpsTrigger":{"url":"https://us-central1-controle-obras-c889d.cloudfunctions.net/webhookPagamento","securityLevel":"SECURE_ALWAYS"},"status":"ACTIVE","entryPoint":"webhookPagamento","updateTime":"2026-03-22T00:48:57.450Z","versionId":"2","labels":{"deployment-tool":"cli-firebase","firebase-functions-hash":"f3d6e5a4ea05c6f66f68266483301a784edf2d23"},"sourceUploadUrl":"https://storage.googleapis.com/uploads-136588857542.us-central1.cloudfunctions.appspot.com/7afbeb9a-4021-48c0-b3b9-fb75317eed3a.zip?GoogleAccessId=service-570296468947@gcf-admin-robot.iam.gserviceaccount.com&Expires=1774258636&Signature=jTAG%2FXPlraWfLj1nwHDUysiwsnZ4QIAQ09Knmzhj6iBrQUWtAy9X45id%2FljD3WEzYkFLvp7Ssh6VUNuvEWrKZEE3djsSsC%2BeeQoe2cykiaNkCYzr5VPCgWY0JsluHs4VrdVKs0QDzn6h%2BPw3mvuEsgV1BeIftDGXNljBgjCPyAl6MK0Yq1cjuaTsbtQCSwdMp0y549kcM%2BDTI60GO8%2Fqo0Ti6BFH0cphnnxMR6hdlaT8K63bQdUEA4KzNWc9w4Rralu9VFvah8Gcvsy2qf3pihQ6jvrcGsMNXLdxFdW55axzvYEV%2FvjTGGpE7nXdd0V7s4oNqUp9fVP2ncsUu0z6Eg%3D%3D","environmentVariables":{"FIREBASE_CONFIG":"{\"projectId\":\"controle-obras-c889d\",\"databaseURL\":\"https://controle-obras-c889d-default-rtdb.firebaseio.com\",\"storageBucket\":\"controle-obras-c889d.firebasestorage.app\"}","GCLOUD_PROJECT":"controle-obras-c889d","EVENTARC_CLOUD_EVENT_SOURCE":"projects/controle-obras-c889d/locations/us-central1/functions/webhookPagamento"},"runtime":"nodejs20","buildId":"426aa863-6d0a-4829-85f3-0aa667764f9e","buildEnvironmentVariables":{"GOOGLE_NODE_RUN_SCRIPTS":""},"buildName":"projects/570296468947/locations/us-central1/builds/426aa863-6d0a-4829-85f3-0aa667764f9e","dockerRegistry":"ARTIFACT_REGISTRY","automaticUpdatePolicy":{},"buildServiceAccount":"projects/controle-obras-c889d/serviceAccounts/570296468947-compute@developer.gserviceaccount.com"},"versionId":"3","updateTime":"2026-03-23T09:07:17Z","buildId":"b7684bbc-2dba-4b16-9886-1ad8cd2eb44d","buildName":"projects/570296468947/locations/us-central1/builds/b7684bbc-2dba-4b16-9886-1ad8cd2eb44d"}}
[debug] [2026-03-23T09:06:20.090Z] [update-default-us-central1-webhookPagamento] Retrying task index 0
[debug] [2026-03-23T09:06:20.090Z] Checked if tokens are valid: true, expires at: 1774260344404
[debug] [2026-03-23T09:06:20.090Z] Checked if tokens are valid: true, expires at: 1774260344404
[debug] [2026-03-23T09:06:20.090Z] >>> [apiv2][query] GET https://cloudfunctions.googleapis.com/v1/operations/Y29udHJvbGUtb2JyYXMtYzg4OWQvdXMtY2VudHJhbDEvd2ViaG9va1BhZ2FtZW50by9Gczl5amwwUV9jMA [none]
[debug] [2026-03-23T09:06:20.864Z] <<< [apiv2][status] GET https://cloudfunctions.googleapis.com/v1/operations/Y29udHJvbGUtb2JyYXMtYzg4OWQvdXMtY2VudHJhbDEvd2ViaG9va1BhZ2FtZW50by9Gczl5amwwUV9jMA 200
[debug] [2026-03-23T09:06:20.865Z] <<< [apiv2][body] GET https://cloudfunctions.googleapis.com/v1/operations/Y29udHJvbGUtb2JyYXMtYzg4OWQvdXMtY2VudHJhbDEvd2ViaG9va1BhZ2FtZW50by9Gczl5amwwUV9jMA {"name":"operations/Y29udHJvbGUtb2JyYXMtYzg4OWQvdXMtY2VudHJhbDEvd2ViaG9va1BhZ2FtZW50by9Gczl5amwwUV9jMA","metadata":{"@type":"type.googleapis.com/google.cloud.functions.v1.OperationMetadataV1","target":"projects/controle-obras-c889d/locations/us-central1/functions/webhookPagamento","type":"UPDATE_FUNCTION","request":{"@type":"type.googleapis.com/google.cloud.functions.v1.CloudFunction","name":"projects/controle-obras-c889d/locations/us-central1/functions/webhookPagamento","httpsTrigger":{"url":"https://us-central1-controle-obras-c889d.cloudfunctions.net/webhookPagamento","securityLevel":"SECURE_ALWAYS"},"status":"ACTIVE","entryPoint":"webhookPagamento","updateTime":"2026-03-22T00:48:57.450Z","versionId":"2","labels":{"deployment-tool":"cli-firebase","firebase-functions-hash":"f3d6e5a4ea05c6f66f68266483301a784edf2d23"},"sourceUploadUrl":"https://storage.googleapis.com/uploads-136588857542.us-central1.cloudfunctions.appspot.com/7afbeb9a-4021-48c0-b3b9-fb75317eed3a.zip?GoogleAccessId=service-570296468947@gcf-admin-robot.iam.gserviceaccount.com&Expires=1774258636&Signature=jTAG%2FXPlraWfLj1nwHDUysiwsnZ4QIAQ09Knmzhj6iBrQUWtAy9X45id%2FljD3WEzYkFLvp7Ssh6VUNuvEWrKZEE3djsSsC%2BeeQoe2cykiaNkCYzr5VPCgWY0JsluHs4VrdVKs0QDzn6h%2BPw3mvuEsgV1BeIftDGXNljBgjCPyAl6MK0Yq1cjuaTsbtQCSwdMp0y549kcM%2BDTI60GO8%2Fqo0Ti6BFH0cphnnxMR6hdlaT8K63bQdUEA4KzNWc9w4Rralu9VFvah8Gcvsy2qf3pihQ6jvrcGsMNXLdxFdW55axzvYEV%2FvjTGGpE7nXdd0V7s4oNqUp9fVP2ncsUu0z6Eg%3D%3D","environmentVariables":{"FIREBASE_CONFIG":"{\"projectId\":\"controle-obras-c889d\",\"databaseURL\":\"https://controle-obras-c889d-default-rtdb.firebaseio.com\",\"storageBucket\":\"controle-obras-c889d.firebasestorage.app\"}","GCLOUD_PROJECT":"controle-obras-c889d","EVENTARC_CLOUD_EVENT_SOURCE":"projects/controle-obras-c889d/locations/us-central1/functions/webhookPagamento"},"runtime":"nodejs20","buildId":"426aa863-6d0a-4829-85f3-0aa667764f9e","buildEnvironmentVariables":{"GOOGLE_NODE_RUN_SCRIPTS":""},"buildName":"projects/570296468947/locations/us-central1/builds/426aa863-6d0a-4829-85f3-0aa667764f9e","dockerRegistry":"ARTIFACT_REGISTRY","automaticUpdatePolicy":{},"buildServiceAccount":"projects/controle-obras-c889d/serviceAccounts/570296468947-compute@developer.gserviceaccount.com"},"versionId":"3","updateTime":"2026-03-23T09:07:17Z","buildId":"b7684bbc-2dba-4b16-9886-1ad8cd2eb44d","buildName":"projects/570296468947/locations/us-central1/builds/b7684bbc-2dba-4b16-9886-1ad8cd2eb44d"}}
[debug] [2026-03-23T09:06:30.869Z] [update-default-us-central1-webhookPagamento] Retrying task index 0
[debug] [2026-03-23T09:06:30.870Z] Checked if tokens are valid: true, expires at: 1774260344404
[debug] [2026-03-23T09:06:30.870Z] Checked if tokens are valid: true, expires at: 1774260344404
[debug] [2026-03-23T09:06:30.870Z] >>> [apiv2][query] GET https://cloudfunctions.googleapis.com/v1/operations/Y29udHJvbGUtb2JyYXMtYzg4OWQvdXMtY2VudHJhbDEvd2ViaG9va1BhZ2FtZW50by9Gczl5amwwUV9jMA [none]
[debug] [2026-03-23T09:06:31.661Z] <<< [apiv2][status] GET https://cloudfunctions.googleapis.com/v1/operations/Y29udHJvbGUtb2JyYXMtYzg4OWQvdXMtY2VudHJhbDEvd2ViaG9va1BhZ2FtZW50by9Gczl5amwwUV9jMA 200
[debug] [2026-03-23T09:06:31.661Z] <<< [apiv2][body] GET https://cloudfunctions.googleapis.com/v1/operations/Y29udHJvbGUtb2JyYXMtYzg4OWQvdXMtY2VudHJhbDEvd2ViaG9va1BhZ2FtZW50by9Gczl5amwwUV9jMA {"name":"operations/Y29udHJvbGUtb2JyYXMtYzg4OWQvdXMtY2VudHJhbDEvd2ViaG9va1BhZ2FtZW50by9Gczl5amwwUV9jMA","metadata":{"@type":"type.googleapis.com/google.cloud.functions.v1.OperationMetadataV1","target":"projects/controle-obras-c889d/locations/us-central1/functions/webhookPagamento","type":"UPDATE_FUNCTION","request":{"@type":"type.googleapis.com/google.cloud.functions.v1.CloudFunction","name":"projects/controle-obras-c889d/locations/us-central1/functions/webhookPagamento","httpsTrigger":{"url":"https://us-central1-controle-obras-c889d.cloudfunctions.net/webhookPagamento","securityLevel":"SECURE_ALWAYS"},"status":"ACTIVE","entryPoint":"webhookPagamento","updateTime":"2026-03-22T00:48:57.450Z","versionId":"2","labels":{"deployment-tool":"cli-firebase","firebase-functions-hash":"f3d6e5a4ea05c6f66f68266483301a784edf2d23"},"sourceUploadUrl":"https://storage.googleapis.com/uploads-136588857542.us-central1.cloudfunctions.appspot.com/7afbeb9a-4021-48c0-b3b9-fb75317eed3a.zip?GoogleAccessId=service-570296468947@gcf-admin-robot.iam.gserviceaccount.com&Expires=1774258636&Signature=jTAG%2FXPlraWfLj1nwHDUysiwsnZ4QIAQ09Knmzhj6iBrQUWtAy9X45id%2FljD3WEzYkFLvp7Ssh6VUNuvEWrKZEE3djsSsC%2BeeQoe2cykiaNkCYzr5VPCgWY0JsluHs4VrdVKs0QDzn6h%2BPw3mvuEsgV1BeIftDGXNljBgjCPyAl6MK0Yq1cjuaTsbtQCSwdMp0y549kcM%2BDTI60GO8%2Fqo0Ti6BFH0cphnnxMR6hdlaT8K63bQdUEA4KzNWc9w4Rralu9VFvah8Gcvsy2qf3pihQ6jvrcGsMNXLdxFdW55axzvYEV%2FvjTGGpE7nXdd0V7s4oNqUp9fVP2ncsUu0z6Eg%3D%3D","environmentVariables":{"FIREBASE_CONFIG":"{\"projectId\":\"controle-obras-c889d\",\"databaseURL\":\"https://controle-obras-c889d-default-rtdb.firebaseio.com\",\"storageBucket\":\"controle-obras-c889d.firebasestorage.app\"}","GCLOUD_PROJECT":"controle-obras-c889d","EVENTARC_CLOUD_EVENT_SOURCE":"projects/controle-obras-c889d/locations/us-central1/functions/webhookPagamento"},"runtime":"nodejs20","buildId":"426aa863-6d0a-4829-85f3-0aa667764f9e","buildEnvironmentVariables":{"GOOGLE_NODE_RUN_SCRIPTS":""},"buildName":"projects/570296468947/locations/us-central1/builds/426aa863-6d0a-4829-85f3-0aa667764f9e","dockerRegistry":"ARTIFACT_REGISTRY","automaticUpdatePolicy":{},"buildServiceAccount":"projects/controle-obras-c889d/serviceAccounts/570296468947-compute@developer.gserviceaccount.com"},"versionId":"3","updateTime":"2026-03-23T09:07:17Z","buildId":"b7684bbc-2dba-4b16-9886-1ad8cd2eb44d","buildName":"projects/570296468947/locations/us-central1/builds/b7684bbc-2dba-4b16-9886-1ad8cd2eb44d"}}
[debug] [2026-03-23T09:06:41.671Z] [update-default-us-central1-webhookPagamento] Retrying task index 0
[debug] [2026-03-23T09:06:41.672Z] Checked if tokens are valid: true, expires at: 1774260344404
[debug] [2026-03-23T09:06:41.672Z] Checked if tokens are valid: true, expires at: 1774260344404
[debug] [2026-03-23T09:06:41.672Z] >>> [apiv2][query] GET https://cloudfunctions.googleapis.com/v1/operations/Y29udHJvbGUtb2JyYXMtYzg4OWQvdXMtY2VudHJhbDEvd2ViaG9va1BhZ2FtZW50by9Gczl5amwwUV9jMA [none]
[debug] [2026-03-23T09:06:42.523Z] <<< [apiv2][status] GET https://cloudfunctions.googleapis.com/v1/operations/Y29udHJvbGUtb2JyYXMtYzg4OWQvdXMtY2VudHJhbDEvd2ViaG9va1BhZ2FtZW50by9Gczl5amwwUV9jMA 200
[debug] [2026-03-23T09:06:42.523Z] <<< [apiv2][body] GET https://cloudfunctions.googleapis.com/v1/operations/Y29udHJvbGUtb2JyYXMtYzg4OWQvdXMtY2VudHJhbDEvd2ViaG9va1BhZ2FtZW50by9Gczl5amwwUV9jMA {"name":"operations/Y29udHJvbGUtb2JyYXMtYzg4OWQvdXMtY2VudHJhbDEvd2ViaG9va1BhZ2FtZW50by9Gczl5amwwUV9jMA","metadata":{"@type":"type.googleapis.com/google.cloud.functions.v1.OperationMetadataV1","target":"projects/controle-obras-c889d/locations/us-central1/functions/webhookPagamento","type":"UPDATE_FUNCTION","request":{"@type":"type.googleapis.com/google.cloud.functions.v1.CloudFunction","name":"projects/controle-obras-c889d/locations/us-central1/functions/webhookPagamento","httpsTrigger":{"url":"https://us-central1-controle-obras-c889d.cloudfunctions.net/webhookPagamento","securityLevel":"SECURE_ALWAYS"},"status":"ACTIVE","entryPoint":"webhookPagamento","updateTime":"2026-03-22T00:48:57.450Z","versionId":"2","labels":{"deployment-tool":"cli-firebase","firebase-functions-hash":"f3d6e5a4ea05c6f66f68266483301a784edf2d23"},"sourceUploadUrl":"https://storage.googleapis.com/uploads-136588857542.us-central1.cloudfunctions.appspot.com/7afbeb9a-4021-48c0-b3b9-fb75317eed3a.zip?GoogleAccessId=service-570296468947@gcf-admin-robot.iam.gserviceaccount.com&Expires=1774258636&Signature=jTAG%2FXPlraWfLj1nwHDUysiwsnZ4QIAQ09Knmzhj6iBrQUWtAy9X45id%2FljD3WEzYkFLvp7Ssh6VUNuvEWrKZEE3djsSsC%2BeeQoe2cykiaNkCYzr5VPCgWY0JsluHs4VrdVKs0QDzn6h%2BPw3mvuEsgV1BeIftDGXNljBgjCPyAl6MK0Yq1cjuaTsbtQCSwdMp0y549kcM%2BDTI60GO8%2Fqo0Ti6BFH0cphnnxMR6hdlaT8K63bQdUEA4KzNWc9w4Rralu9VFvah8Gcvsy2qf3pihQ6jvrcGsMNXLdxFdW55axzvYEV%2FvjTGGpE7nXdd0V7s4oNqUp9fVP2ncsUu0z6Eg%3D%3D","environmentVariables":{"FIREBASE_CONFIG":"{\"projectId\":\"controle-obras-c889d\",\"databaseURL\":\"https://controle-obras-c889d-default-rtdb.firebaseio.com\",\"storageBucket\":\"controle-obras-c889d.firebasestorage.app\"}","GCLOUD_PROJECT":"controle-obras-c889d","EVENTARC_CLOUD_EVENT_SOURCE":"projects/controle-obras-c889d/locations/us-central1/functions/webhookPagamento"},"runtime":"nodejs20","buildId":"426aa863-6d0a-4829-85f3-0aa667764f9e","buildEnvironmentVariables":{"GOOGLE_NODE_RUN_SCRIPTS":""},"buildName":"projects/570296468947/locations/us-central1/builds/426aa863-6d0a-4829-85f3-0aa667764f9e","dockerRegistry":"ARTIFACT_REGISTRY","automaticUpdatePolicy":{},"buildServiceAccount":"projects/controle-obras-c889d/serviceAccounts/570296468947-compute@developer.gserviceaccount.com"},"versionId":"3","updateTime":"2026-03-23T09:07:17Z","buildId":"b7684bbc-2dba-4b16-9886-1ad8cd2eb44d","buildName":"projects/570296468947/locations/us-central1/builds/b7684bbc-2dba-4b16-9886-1ad8cd2eb44d"}}
[debug] [2026-03-23T09:06:52.530Z] [update-default-us-central1-webhookPagamento] Retrying task index 0
[debug] [2026-03-23T09:06:52.531Z] Checked if tokens are valid: true, expires at: 1774260344404
[debug] [2026-03-23T09:06:52.531Z] Checked if tokens are valid: true, expires at: 1774260344404
[debug] [2026-03-23T09:06:52.532Z] >>> [apiv2][query] GET https://cloudfunctions.googleapis.com/v1/operations/Y29udHJvbGUtb2JyYXMtYzg4OWQvdXMtY2VudHJhbDEvd2ViaG9va1BhZ2FtZW50by9Gczl5amwwUV9jMA [none]
[debug] [2026-03-23T09:06:53.338Z] <<< [apiv2][status] GET https://cloudfunctions.googleapis.com/v1/operations/Y29udHJvbGUtb2JyYXMtYzg4OWQvdXMtY2VudHJhbDEvd2ViaG9va1BhZ2FtZW50by9Gczl5amwwUV9jMA 200
[debug] [2026-03-23T09:06:53.339Z] <<< [apiv2][body] GET https://cloudfunctions.googleapis.com/v1/operations/Y29udHJvbGUtb2JyYXMtYzg4OWQvdXMtY2VudHJhbDEvd2ViaG9va1BhZ2FtZW50by9Gczl5amwwUV9jMA {"name":"operations/Y29udHJvbGUtb2JyYXMtYzg4OWQvdXMtY2VudHJhbDEvd2ViaG9va1BhZ2FtZW50by9Gczl5amwwUV9jMA","metadata":{"@type":"type.googleapis.com/google.cloud.functions.v1.OperationMetadataV1","target":"projects/controle-obras-c889d/locations/us-central1/functions/webhookPagamento","type":"UPDATE_FUNCTION","request":{"@type":"type.googleapis.com/google.cloud.functions.v1.CloudFunction","name":"projects/controle-obras-c889d/locations/us-central1/functions/webhookPagamento","httpsTrigger":{"url":"https://us-central1-controle-obras-c889d.cloudfunctions.net/webhookPagamento","securityLevel":"SECURE_ALWAYS"},"status":"ACTIVE","entryPoint":"webhookPagamento","updateTime":"2026-03-22T00:48:57.450Z","versionId":"2","labels":{"deployment-tool":"cli-firebase","firebase-functions-hash":"f3d6e5a4ea05c6f66f68266483301a784edf2d23"},"sourceUploadUrl":"https://storage.googleapis.com/uploads-136588857542.us-central1.cloudfunctions.appspot.com/7afbeb9a-4021-48c0-b3b9-fb75317eed3a.zip?GoogleAccessId=service-570296468947@gcf-admin-robot.iam.gserviceaccount.com&Expires=1774258636&Signature=jTAG%2FXPlraWfLj1nwHDUysiwsnZ4QIAQ09Knmzhj6iBrQUWtAy9X45id%2FljD3WEzYkFLvp7Ssh6VUNuvEWrKZEE3djsSsC%2BeeQoe2cykiaNkCYzr5VPCgWY0JsluHs4VrdVKs0QDzn6h%2BPw3mvuEsgV1BeIftDGXNljBgjCPyAl6MK0Yq1cjuaTsbtQCSwdMp0y549kcM%2BDTI60GO8%2Fqo0Ti6BFH0cphnnxMR6hdlaT8K63bQdUEA4KzNWc9w4Rralu9VFvah8Gcvsy2qf3pihQ6jvrcGsMNXLdxFdW55axzvYEV%2FvjTGGpE7nXdd0V7s4oNqUp9fVP2ncsUu0z6Eg%3D%3D","environmentVariables":{"FIREBASE_CONFIG":"{\"projectId\":\"controle-obras-c889d\",\"databaseURL\":\"https://controle-obras-c889d-default-rtdb.firebaseio.com\",\"storageBucket\":\"controle-obras-c889d.firebasestorage.app\"}","GCLOUD_PROJECT":"controle-obras-c889d","EVENTARC_CLOUD_EVENT_SOURCE":"projects/controle-obras-c889d/locations/us-central1/functions/webhookPagamento"},"runtime":"nodejs20","buildId":"426aa863-6d0a-4829-85f3-0aa667764f9e","buildEnvironmentVariables":{"GOOGLE_NODE_RUN_SCRIPTS":""},"buildName":"projects/570296468947/locations/us-central1/builds/426aa863-6d0a-4829-85f3-0aa667764f9e","dockerRegistry":"ARTIFACT_REGISTRY","automaticUpdatePolicy":{},"buildServiceAccount":"projects/controle-obras-c889d/serviceAccounts/570296468947-compute@developer.gserviceaccount.com"},"versionId":"3","updateTime":"2026-03-23T09:07:17Z","buildId":"b7684bbc-2dba-4b16-9886-1ad8cd2eb44d","buildName":"projects/570296468947/locations/us-central1/builds/b7684bbc-2dba-4b16-9886-1ad8cd2eb44d"}}
[debug] [2026-03-23T09:07:03.351Z] [update-default-us-central1-webhookPagamento] Retrying task index 0
[debug] [2026-03-23T09:07:03.352Z] Checked if tokens are valid: true, expires at: 1774260344404
[debug] [2026-03-23T09:07:03.352Z] Checked if tokens are valid: true, expires at: 1774260344404
[debug] [2026-03-23T09:07:03.353Z] >>> [apiv2][query] GET https://cloudfunctions.googleapis.com/v1/operations/Y29udHJvbGUtb2JyYXMtYzg4OWQvdXMtY2VudHJhbDEvd2ViaG9va1BhZ2FtZW50by9Gczl5amwwUV9jMA [none]
[debug] [2026-03-23T09:07:04.093Z] <<< [apiv2][status] GET https://cloudfunctions.googleapis.com/v1/operations/Y29udHJvbGUtb2JyYXMtYzg4OWQvdXMtY2VudHJhbDEvd2ViaG9va1BhZ2FtZW50by9Gczl5amwwUV9jMA 200
[debug] [2026-03-23T09:07:04.094Z] <<< [apiv2][body] GET https://cloudfunctions.googleapis.com/v1/operations/Y29udHJvbGUtb2JyYXMtYzg4OWQvdXMtY2VudHJhbDEvd2ViaG9va1BhZ2FtZW50by9Gczl5amwwUV9jMA {"name":"operations/Y29udHJvbGUtb2JyYXMtYzg4OWQvdXMtY2VudHJhbDEvd2ViaG9va1BhZ2FtZW50by9Gczl5amwwUV9jMA","metadata":{"@type":"type.googleapis.com/google.cloud.functions.v1.OperationMetadataV1","target":"projects/controle-obras-c889d/locations/us-central1/functions/webhookPagamento","type":"UPDATE_FUNCTION","request":{"@type":"type.googleapis.com/google.cloud.functions.v1.CloudFunction","name":"projects/controle-obras-c889d/locations/us-central1/functions/webhookPagamento","httpsTrigger":{"url":"https://us-central1-controle-obras-c889d.cloudfunctions.net/webhookPagamento","securityLevel":"SECURE_ALWAYS"},"status":"ACTIVE","entryPoint":"webhookPagamento","updateTime":"2026-03-22T00:48:57.450Z","versionId":"2","labels":{"deployment-tool":"cli-firebase","firebase-functions-hash":"f3d6e5a4ea05c6f66f68266483301a784edf2d23"},"sourceUploadUrl":"https://storage.googleapis.com/uploads-136588857542.us-central1.cloudfunctions.appspot.com/7afbeb9a-4021-48c0-b3b9-fb75317eed3a.zip?GoogleAccessId=service-570296468947@gcf-admin-robot.iam.gserviceaccount.com&Expires=1774258636&Signature=jTAG%2FXPlraWfLj1nwHDUysiwsnZ4QIAQ09Knmzhj6iBrQUWtAy9X45id%2FljD3WEzYkFLvp7Ssh6VUNuvEWrKZEE3djsSsC%2BeeQoe2cykiaNkCYzr5VPCgWY0JsluHs4VrdVKs0QDzn6h%2BPw3mvuEsgV1BeIftDGXNljBgjCPyAl6MK0Yq1cjuaTsbtQCSwdMp0y549kcM%2BDTI60GO8%2Fqo0Ti6BFH0cphnnxMR6hdlaT8K63bQdUEA4KzNWc9w4Rralu9VFvah8Gcvsy2qf3pihQ6jvrcGsMNXLdxFdW55axzvYEV%2FvjTGGpE7nXdd0V7s4oNqUp9fVP2ncsUu0z6Eg%3D%3D","environmentVariables":{"FIREBASE_CONFIG":"{\"projectId\":\"controle-obras-c889d\",\"databaseURL\":\"https://controle-obras-c889d-default-rtdb.firebaseio.com\",\"storageBucket\":\"controle-obras-c889d.firebasestorage.app\"}","GCLOUD_PROJECT":"controle-obras-c889d","EVENTARC_CLOUD_EVENT_SOURCE":"projects/controle-obras-c889d/locations/us-central1/functions/webhookPagamento"},"runtime":"nodejs20","buildId":"426aa863-6d0a-4829-85f3-0aa667764f9e","buildEnvironmentVariables":{"GOOGLE_NODE_RUN_SCRIPTS":""},"buildName":"projects/570296468947/locations/us-central1/builds/426aa863-6d0a-4829-85f3-0aa667764f9e","dockerRegistry":"ARTIFACT_REGISTRY","automaticUpdatePolicy":{},"buildServiceAccount":"projects/controle-obras-c889d/serviceAccounts/570296468947-compute@developer.gserviceaccount.com"},"versionId":"3","updateTime":"2026-03-23T09:07:17Z","buildId":"b7684bbc-2dba-4b16-9886-1ad8cd2eb44d","sourceToken":"dbaddd8d-0142-44a8-b128-9a2040fd09ef","buildName":"projects/570296468947/locations/us-central1/builds/b7684bbc-2dba-4b16-9886-1ad8cd2eb44d"}}
[debug] [2026-03-23T09:07:04.094Z] Got source token dbaddd8d-0142-44a8-b128-9a2040fd09ef for region us-central1
